<?xml version="1.0" encoding="UTF-8"?>
<!-- Generated by org.testng.reporters.JUnitReportReporter -->
<testsuite hostname="DESKTOP-AMAV84R" failures="0" tests="1" name="testscenarios.TestMethods_GoogleSearch" time="7.917" errors="0" timestamp="2025-05-17T22:03:13 IST" skipped="0">
  <testcase classname="testscenarios.TestMethods_GoogleSearch" name="SearchOperation" time="7.917"/>
</testsuite> <!-- testscenarios.TestMethods_GoogleSearch -->
