<?xml version="1.0" encoding="UTF-8"?>
<!-- Generated by org.testng.reporters.JUnitReportReporter -->
<testsuite hostname="DESKTOP-AMAV84R" failures="0" tests="1" name="testscenarios.LoginTest" time="1.062" errors="0" timestamp="2025-05-18T11:12:45 IST" skipped="0">
  <testcase classname="testscenarios.LoginTest" name="loginTest" time="1.062"/>
</testsuite> <!-- testscenarios.LoginTest -->
